Build started 2014-05-20 17:20:17.
     1>Project "C:\Users\Jax\Desktop\NOWY\GAME\0 open gl\FirstSDLApp\FirstSDLApp\FirstSDLApp.vcxproj" on node 2 (build target(s)).
     1>InitializeBuildStatus:
         Creating "Debug\FirstSDLApp.unsuccessfulbuild" because "AlwaysCreate" was specified.
       ClCompile:
         d:\Programowanie\Microsoft Visual Studio 10.0\VC\bin\CL.exe /c /I"C:\Program Files\Common Files\MSCV\freeglut\include" /ZI /nologo /W3 /WX- /Od /Oy- /D _MBCS /Gm /EHsc /RTC1 /MD /GS /fp:precise /Zc:wchar_t /Zc:forScope /Fo"Debug\\" /Fd"Debug\vc100.pdb" /Gd /TP /analyze- /errorReport:prompt main.cpp postac.cpp
         postac.cpp
         main.cpp
     1>c:\users\jax\desktop\nowy\game\0 open gl\firstsdlapp\firstsdlapp\main.cpp(205): warning C4244: '=' : conversion from 'double' to 'int', possible loss of data
     1>c:\users\jax\desktop\nowy\game\0 open gl\firstsdlapp\firstsdlapp\main.cpp(206): warning C4244: '=' : conversion from 'double' to 'int', possible loss of data
     1>c:\users\jax\desktop\nowy\game\0 open gl\firstsdlapp\firstsdlapp\main.cpp(234): warning C4244: '+=' : conversion from 'double' to 'int', possible loss of data
     1>c:\users\jax\desktop\nowy\game\0 open gl\firstsdlapp\firstsdlapp\main.cpp(235): warning C4244: '+=' : conversion from 'double' to 'int', possible loss of data
         Generating Code...
     1>c:\users\jax\desktop\nowy\game\0 open gl\firstsdlapp\firstsdlapp\main.cpp(80): warning C4715: 'load_image' : not all control paths return a value
       Link:
         d:\Programowanie\Microsoft Visual Studio 10.0\VC\bin\link.exe /ERRORREPORT:PROMPT /OUT:"C:\Users\Jax\Desktop\NOWY\GAME\0 open gl\FirstSDLApp\Debug\FirstSDLApp.exe" /INCREMENTAL:NO /NOLOGO /LIBPATH:"C:\Program Files\Common Files\MSCV\freeglut\lib" SDL.lib SDLmain.lib kernel32.lib user32.lib gdi32.lib winspool.lib comdlg32.lib advapi32.lib shell32.lib ole32.lib oleaut32.lib uuid.lib odbc32.lib odbccp32.lib /MANIFEST /ManifestFile:"Debug\FirstSDLApp.exe.intermediate.manifest" /MANIFESTUAC:"level='asInvoker' uiAccess='false'" /DEBUG /PDB:"C:\Users\Jax\Desktop\NOWY\GAME\0 open gl\FirstSDLApp\Debug\FirstSDLApp.pdb" /SUBSYSTEM:WINDOWS /TLBID:1 /DYNAMICBASE /NXCOMPAT /IMPLIB:"C:\Users\Jax\Desktop\NOWY\GAME\0 open gl\FirstSDLApp\Debug\FirstSDLApp.lib" /MACHINE:X86 Debug\main.obj
         Debug\postac.obj
     1>main.obj : warning LNK4075: ignoring '/EDITANDCONTINUE' due to '/INCREMENTAL:NO' specification
         FirstSDLApp.vcxproj -> C:\Users\Jax\Desktop\NOWY\GAME\0 open gl\FirstSDLApp\Debug\FirstSDLApp.exe
       Manifest:
         C:\Program Files (x86)\Microsoft SDKs\Windows\v7.0A\bin\mt.exe /nologo /verbose /outputresource:"C:\Users\Jax\Desktop\NOWY\GAME\0 open gl\FirstSDLApp\Debug\FirstSDLApp.exe;#1" /manifest Debug\FirstSDLApp.exe.intermediate.manifest
       FinalizeBuildStatus:
         Deleting file "Debug\FirstSDLApp.unsuccessfulbuild".
         Touching "Debug\FirstSDLApp.lastbuildstate".
     1>Done Building Project "C:\Users\Jax\Desktop\NOWY\GAME\0 open gl\FirstSDLApp\FirstSDLApp\FirstSDLApp.vcxproj" (build target(s)).

Build succeeded.

Time Elapsed 00:00:04.90
